20202020202021-10-24 15:02:41: Array
2021-10-24 15:02:43: Array
2021-10-24 15:02:43: Array
2021-10-24 15:02:44: Array
2021-10-24 15:03:30: 
2021-10-24 15:03:32: 
2021-10-24 15:03:49: 
2021-10-24 15:04:26: 20
2021-10-24 15:04:28: 20
2021-10-24 15:04:29: 20
2021-10-24 15:04:30: 20
2021-10-24 15:09:46[INFO]: 20
2021-10-24 15:09:48[INFO]: 20
2021-10-24 15:09:59 [INFO]: 20
2021-10-24 15:10:03 [INFO]: 20
2021-10-24 15:15:45 [INFO]: 20
2021-10-24 15:15:53 [INFO]: 20
2021-10-24 15:21:28 [INFO]: 20
2021-10-24 15:26:39 [INFO]: 20
2021-10-24 15:28:59 [INFO]: 20
2021-10-24 15:29:14 [INFO]: 20
2021-10-24 15:30:48 [INFO]: 20
2021-10-24 15:30:53 [EMERGENCY]: Access denied for user 'user'@'172.30.0.4' (using password: NO)
2021-10-24 15:31:05 [EMERGENCY]: Access denied for user 'user'@'172.30.0.4' (using password: NO)
2021-10-24 15:32:54 [EMERGENCY]: Access denied for user 'user'@'172.30.0.4' (using password: NO)
2021-10-24 15:33:02 [INFO]: 20
2021-10-24 15:37:38 [INFO]: posts count 20
2021-10-24 15:40:00 [INFO]: posts count 20
2021-10-24 15:40:43 [INFO]: posts count 20
2021-10-24 15:40:59 [INFO]: posts count 20
2021-10-24 15:42:30 [INFO]: posts count 20
2021-10-24 15:43:13 [INFO]: posts count 20
2021-10-24 15:43:46 [INFO]: posts count 20
2021-10-24 15:44:05 [INFO]: posts count 20
2021-10-24 15:45:14 [INFO]: posts count 20
2021-10-24 15:45:56 [INFO]: posts count 21
2021-10-24 15:46:08 [INFO]: posts count 21
2021-10-24 15:50:07 [INFO]: posts count 21
2021-10-24 15:50:13 [INFO]: posts count 21
2021-10-24 15:50:28 [INFO]: posts count 21
2021-10-24 15:51:09 [INFO]: posts count 21
2021-10-24 15:57:03 [INFO]: posts count 21
2021-10-24 15:57:14 [INFO]: posts count 21
2021-10-24 15:57:15 [INFO]: posts count 21
2021-10-24 15:57:25 [INFO]: posts count 21
2021-10-24 15:57:27 [INFO]: posts count 21
2021-10-24 15:58:06 [INFO]: posts count 21
2021-10-24 15:58:52 [INFO]: posts count 21
2021-10-24 15:59:45 [INFO]: posts count 21
2021-10-24 15:59:45 [INFO]: statistics_data as json{"posts":"21"}
2021-10-24 15:59:48 [INFO]: posts count 21
2021-10-24 15:59:48 [INFO]: statistics_data as json{"posts":"21"}
2021-10-24 15:59:59 [INFO]: posts count 21
2021-10-24 15:59:59 [INFO]: statistics_data as json{"posts":"21"}
2021-10-24 16:10:23 [INFO]: posts count 21
2021-10-24 16:10:23 [INFO]: statistics_data as json{"posts":"21"}
2021-10-24 16:24:43 [INFO]: posts count 21
2021-10-24 16:24:43 [INFO]: statistics_data as json{"posts":"21"}
2021-10-24 16:24:47 [INFO]: posts count 21
2021-10-24 16:24:47 [INFO]: statistics_data as json{"posts":"21"}
2021-10-24 16:24:49 [INFO]: posts count 21
2021-10-24 16:24:49 [INFO]: statistics_data as json{"posts":"21"}
2021-10-24 16:41:36 [INFO]: posts count 21
2021-10-24 16:41:44 [INFO]: posts count 21
2021-10-24 16:41:44 [INFO]: statistics_data as json{"posts":"21"}
2021-10-24 16:41:54 [INFO]: posts count 21
2021-10-24 16:41:54 [INFO]: statistics_data as json{"posts":"21"}
2021-10-24 16:42:09 [INFO]: posts count 21
2021-10-24 16:42:09 [INFO]: statistics_data as json{"posts":"21"}
2021-10-24 16:42:32 [INFO]: posts count 21
2021-10-24 16:42:32 [INFO]: statistics_data as json{"posts":"21"}
2021-10-24 16:42:33 [INFO]: posts count 21
2021-10-24 16:42:33 [INFO]: statistics_data as json{"posts":"21"}
2021-10-24 16:42:44 [INFO]: posts count 21
2021-10-24 16:42:46 [INFO]: posts count 21
2021-10-24 16:42:58 [INFO]: posts count 21
2021-10-24 16:43:03 [INFO]: posts count 21
2021-10-24 16:43:12 [INFO]: posts count 21
2021-10-24 16:43:22 [INFO]: posts count 21
2021-10-24 16:43:22 [INFO]: statistics_data as json{"posts":"21"}
2021-10-24 16:43:48 [INFO]: posts count 21
2021-10-24 16:43:48 [INFO]: statistics_data as json{"posts":"21"}
2021-10-24 16:44:21 [INFO]: posts count 21
2021-10-24 16:44:21 [INFO]: statistics_data as json{"posts":"21"}
2021-10-24 16:44:24 [INFO]: posts count 21
2021-10-24 16:44:24 [INFO]: statistics_data as json{"posts":"21"}
2021-10-24 16:44:50 [INFO]: posts count 21
2021-10-24 16:44:50 [INFO]: access count Array
2021-10-24 16:44:50 [INFO]: statistics_data as json{"posts":"21"}
2021-10-24 16:45:17 [INFO]: posts count 21
2021-10-24 16:45:17 [INFO]: access count 94
2021-10-24 16:45:17 [INFO]: statistics_data as json{"posts":"21"}
2021-10-24 16:45:23 [INFO]: posts count 21
2021-10-24 16:45:23 [INFO]: access count 94
2021-10-24 16:45:23 [INFO]: statistics_data as json{"posts":"21"}
2021-10-24 16:45:33 [INFO]: posts count 21
2021-10-24 16:45:33 [INFO]: access count 94
2021-10-24 16:45:33 [INFO]: statistics_data as json{"posts":"21"}
2021-10-24 16:46:10 [INFO]: posts count 21
2021-10-24 16:46:10 [INFO]: access count 94
2021-10-24 16:46:10 [INFO]: statistics_data as json{"posts":"21"}
2021-10-24 16:46:35 [INFO]: posts count 21
2021-10-24 16:46:35 [INFO]: access count 94
2021-10-24 16:46:35 [INFO]: statistics_data as json{"access":"94","posts":"21"}
2021-10-24 16:47:45 [INFO]: posts count 21
2021-10-24 16:47:45 [INFO]: access count 94
2021-10-24 16:47:45 [INFO]: statistics_data as json{"access":"94","posts":"21"}
2021-10-24 16:47:57 [INFO]: posts count 21
2021-10-24 16:47:57 [INFO]: access count 94
2021-10-24 16:47:57 [INFO]: statistics_data as json{"access":"94","posts":"21"}
2021-10-24 16:48:57 [INFO]: posts count 21
2021-10-24 16:48:57 [INFO]: access count 94
2021-10-24 16:48:57 [INFO]: statistics_data as json{"access":"94","posts":"21"}
2021-10-24 16:49:16 [INFO]: posts count 21
2021-10-24 16:49:16 [INFO]: access count 94
2021-10-24 16:49:16 [INFO]: statistics_data as json{"access":"94","posts":"21"}
2021-10-24 16:49:24 [INFO]: posts count 21
2021-10-24 16:49:24 [INFO]: access count 98
2021-10-24 16:49:24 [INFO]: statistics_data as json{"access":"98","posts":"21"}
2021-10-24 16:50:11 [INFO]: posts count 21
2021-10-24 16:50:11 [INFO]: access count 98
2021-10-24 16:50:11 [INFO]: statistics_data as json{"access":"98","posts":"21"}
2021-10-24 17:08:08 [INFO]: posts count 21
2021-10-24 17:08:08 [INFO]: access count 144
2021-10-24 17:08:08 [INFO]: statistics_data as json{"access":"144","posts":"21"}
2021-10-24 17:08:20 [INFO]: posts count 21
2021-10-24 17:08:20 [INFO]: access count 146
2021-10-24 17:08:20 [INFO]: statistics_data as json{"access":"146","posts":"21"}
