<<<<<<< HEAD
2021-10-31 00:13:28 [EMERGENCY]: php_network_getaddresses: getaddrinfo failed: Name or service not known
=======
2021-10-27 16:46:53 [EMERGENCY]: php_network_getaddresses: getaddrinfo failed: Name or service not known
>>>>>>> FETCH_HEAD
2021-10-31 04:34:10 [INFO]: posts count 22
2021-10-31 04:34:10 [INFO]: access count 470
2021-10-31 04:34:10 [INFO]: statistics_data as json{"access":"470","posts":"22"}
2021-10-31 04:34:43 [INFO]: posts count 22
2021-10-31 04:34:43 [INFO]: access count 470
2021-10-31 04:34:43 [INFO]: statistics_data as json{"access":"470","posts":"22"}
2021-10-31 04:39:25 [INFO]: posts count 22
2021-10-31 04:39:25 [INFO]: access count 470
2021-10-31 04:39:25 [INFO]: statistics_data as json{"access":"470","posts":"22"}
2021-10-31 04:39:39 [INFO]: posts count 22
2021-10-31 04:39:39 [INFO]: access count 470
2021-10-31 04:39:39 [INFO]: statistics_data as json{"access":"470","posts":"22"}
2021-10-31 04:39:42 [INFO]: posts count 22
2021-10-31 04:39:42 [INFO]: access count 470
2021-10-31 04:39:42 [INFO]: statistics_data as json{"access":"470","posts":"22"}
2021-10-31 04:39:43 [INFO]: posts count 22
2021-10-31 04:39:43 [INFO]: access count 470
2021-10-31 04:39:43 [INFO]: statistics_data as json{"access":"470","posts":"22"}
2021-10-31 04:39:53 [INFO]: posts count 22
2021-10-31 04:39:53 [INFO]: access count 470
2021-10-31 04:39:53 [INFO]: statistics_data as json{"access":"470","posts":"22"}
2021-10-31 04:42:46 [INFO]: posts count 22
2021-10-31 04:42:46 [INFO]: access count 470
2021-10-31 04:42:46 [INFO]: statistics_data as json{"access":"470","posts":"22"}
2021-10-31 04:46:00 [INFO]: posts count 22
2021-10-31 04:46:00 [INFO]: access count 470
2021-10-31 04:46:00 [INFO]: statistics_data as json{"access":"470","posts":"22"}
2021-10-31 04:46:04 [INFO]: posts count 22
2021-10-31 04:46:04 [INFO]: access count 470
2021-10-31 04:46:04 [INFO]: statistics_data as json{"access":"470","posts":"22"}
2021-10-31 04:46:37 [INFO]: posts count 22
2021-10-31 04:46:37 [INFO]: access count 470
2021-10-31 04:46:37 [INFO]: statistics_data as json{"access":"470","posts":"22"}
2021-10-31 04:56:03 [INFO]: posts count 22
2021-10-31 04:56:03 [INFO]: access count 475
2021-10-31 04:56:03 [INFO]: statistics_data as json{"access":"475","posts":"22"}
2021-10-31 04:56:55 [INFO]: posts count 22
2021-10-31 04:56:55 [INFO]: access count 475
2021-10-31 04:56:55 [INFO]: statistics_data as json{"access":"475","posts":"22"}
2021-10-31 04:57:20 [INFO]: posts count 22
2021-10-31 04:57:20 [INFO]: access count 475
2021-10-31 04:57:20 [INFO]: statistics_data as json{"access":"475","posts":"22"}
2021-10-31 04:57:55 [INFO]: posts count 22
2021-10-31 04:57:55 [INFO]: access count 475
2021-10-31 04:57:55 [INFO]: statistics_data as json{"access":"475","posts":"22"}
2021-10-31 04:58:19 [INFO]: posts count 22
2021-10-31 04:58:19 [INFO]: access count 478
2021-10-31 04:58:19 [INFO]: statistics_data as json{"access":"478","posts":"22"}
